# JRE version: Java(TM) SE Runtime Environment (8.0_66-b18) (build 1.8.0_66-b18)
# Java VM: Java HotSpot(TM) 64-Bit Server VM (25.66-b18 mixed mode windows-amd64 compressed oops)
Heap:
 PSYoungGen      total 546816K, used 160675K [0x000000076b180000, 0x0000000795a80000, 0x00000007c0000000)
  eden space 507904K, 26% used [0x000000076b180000,0x000000077331f668,0x000000078a180000)
  from space 38912K, 71% used [0x000000078a180000,0x000000078bcc9860,0x000000078c780000)
  to   space 40448K, 0% used [0x0000000793300000,0x0000000793300000,0x0000000795a80000)
 ParOldGen       total 238592K, used 61971K [0x00000006c1400000, 0x00000006cfd00000, 0x000000076b180000)
  object space 238592K, 25% used [0x00000006c1400000,0x00000006c5084db8,0x00000006cfd00000)
 Metaspace       used 67223K, capacity 68084K, committed 68184K, reserved 1107968K
  class space    used 8817K, capacity 9004K, committed 9088K, reserved 1048576K
GC Heap History (10 events):
Event: 10.152 GC heap before
{Heap before GC invocations=8 (full 2):
 PSYoungGen      total 272896K, used 262144K [0x000000076b180000, 0x0000000783c80000, 0x00000007c0000000)
  eden space 262144K, 100% used [0x000000076b180000,0x000000077b180000,0x000000077b180000)
  from space 10752K, 0% used [0x000000077b180000,0x000000077b180000,0x000000077bc00000)
  to   space 17408K, 0% used [0x0000000782b80000,0x0000000782b80000,0x0000000783c80000)
 ParOldGen       total 155136K, used 26012K [0x00000006c1400000, 0x00000006cab80000, 0x000000076b180000)
  object space 155136K, 16% used [0x00000006c1400000,0x00000006c2d67358,0x00000006cab80000)
 Metaspace       used 47875K, capacity 48492K, committed 48600K, reserved 1091584K
  class space    used 6483K, capacity 6621K, committed 6656K, reserved 1048576K
Event: 10.172 GC heap after
Heap after GC invocations=8 (full 2):
 PSYoungGen      total 380416K, used 17407K [0x000000076b180000, 0x0000000785100000, 0x00000007c0000000)
  eden space 363008K, 0% used [0x000000076b180000,0x000000076b180000,0x0000000781400000)
  from space 17408K, 99% used [0x0000000782b80000,0x0000000783c7fcf0,0x0000000783c80000)
  to   space 24064K, 0% used [0x0000000781400000,0x0000000781400000,0x0000000782b80000)
 ParOldGen       total 155136K, used 33662K [0x00000006c1400000, 0x00000006cab80000, 0x000000076b180000)
  object space 155136K, 21% used [0x00000006c1400000,0x00000006c34dfb00,0x00000006cab80000)
 Metaspace       used 47875K, capacity 48492K, committed 48600K, reserved 1091584K
  class space    used 6483K, capacity 6621K, committed 6656K, reserved 1048576K
}
Event: 11.260 GC heap before
{Heap before GC invocations=9 (full 2):
 PSYoungGen      total 380416K, used 380415K [0x000000076b180000, 0x0000000785100000, 0x00000007c0000000)
  eden space 363008K, 100% used [0x000000076b180000,0x0000000781400000,0x0000000781400000)
  from space 17408K, 99% used [0x0000000782b80000,0x0000000783c7fcf0,0x0000000783c80000)
  to   space 24064K, 0% used [0x0000000781400000,0x0000000781400000,0x0000000782b80000)
 ParOldGen       total 155136K, used 33662K [0x00000006c1400000, 0x00000006cab80000, 0x000000076b180000)
  object space 155136K, 21% used [0x00000006c1400000,0x00000006c34dfb00,0x00000006cab80000)
 Metaspace       used 51784K, capacity 52444K, committed 52568K, reserved 1095680K
  class space    used 6791K, capacity 6949K, committed 7040K, reserved 1048576K
Event: 11.290 GC heap after
Heap after GC invocations=9 (full 2):
 PSYoungGen      total 387072K, used 24043K [0x000000076b180000, 0x000000078e580000, 0x00000007c0000000)
  eden space 363008K, 0% used [0x000000076b180000,0x000000076b180000,0x0000000781400000)
  from space 24064K, 99% used [0x0000000781400000,0x0000000782b7ad20,0x0000000782b80000)
  to   space 30720K, 0% used [0x000000078c780000,0x000000078c780000,0x000000078e580000)
 ParOldGen       total 155136K, used 39620K [0x00000006c1400000, 0x00000006cab80000, 0x000000076b180000)
  object space 155136K, 25% used [0x00000006c1400000,0x00000006c3ab1078,0x00000006cab80000)
 Metaspace       used 51784K, capacity 52444K, committed 52568K, reserved 1095680K
  class space    used 6791K, capacity 6949K, committed 7040K, reserved 1048576K
}
Event: 12.564 GC heap before
{Heap before GC invocations=10 (full 2):
 PSYoungGen      total 387072K, used 274020K [0x000000076b180000, 0x000000078e580000, 0x00000007c0000000)
  eden space 363008K, 68% used [0x000000076b180000,0x000000077a59e408,0x0000000781400000)
  from space 24064K, 99% used [0x0000000781400000,0x0000000782b7ad20,0x0000000782b80000)
  to   space 30720K, 0% used [0x000000078c780000,0x000000078c780000,0x000000078e580000)
 ParOldGen       total 155136K, used 39620K [0x00000006c1400000, 0x00000006cab80000, 0x000000076b180000)
  object space 155136K, 25% used [0x00000006c1400000,0x00000006c3ab1078,0x00000006cab80000)
 Metaspace       used 58264K, capacity 58902K, committed 59028K, reserved 1101824K
  class space    used 7610K, capacity 7764K, committed 7808K, reserved 1048576K
Event: 12.595 GC heap after
Heap after GC invocations=10 (full 2):
 PSYoungGen      total 538624K, used 30699K [0x000000076b180000, 0x000000078ef00000, 0x00000007c0000000)
  eden space 507904K, 0% used [0x000000076b180000,0x000000076b180000,0x000000078a180000)
  from space 30720K, 99% used [0x000000078c780000,0x000000078e57ad50,0x000000078e580000)
  to   space 38912K, 0% used [0x000000078a180000,0x000000078a180000,0x000000078c780000)
 ParOldGen       total 155136K, used 47383K [0x00000006c1400000, 0x00000006cab80000, 0x000000076b180000)
  object space 155136K, 30% used [0x00000006c1400000,0x00000006c4245c50,0x00000006cab80000)
 Metaspace       used 58264K, capacity 58902K, committed 59028K, reserved 1101824K
  class space    used 7610K, capacity 7764K, committed 7808K, reserved 1048576K
}
Event: 12.595 GC heap before
{Heap before GC invocations=11 (full 3):
 PSYoungGen      total 538624K, used 30699K [0x000000076b180000, 0x000000078ef00000, 0x00000007c0000000)
  eden space 507904K, 0% used [0x000000076b180000,0x000000076b180000,0x000000078a180000)
  from space 30720K, 99% used [0x000000078c780000,0x000000078e57ad50,0x000000078e580000)
  to   space 38912K, 0% used [0x000000078a180000,0x000000078a180000,0x000000078c780000)
 ParOldGen       total 155136K, used 47383K [0x00000006c1400000, 0x00000006cab80000, 0x000000076b180000)
  object space 155136K, 30% used [0x00000006c1400000,0x00000006c4245c50,0x00000006cab80000)
 Metaspace       used 58264K, capacity 58902K, committed 59028K, reserved 1101824K
  class space    used 7610K, capacity 7764K, committed 7808K, reserved 1048576K
Event: 12.824 GC heap after
Heap after GC invocations=11 (full 3):
 PSYoungGen      total 538624K, used 0K [0x000000076b180000, 0x000000078ef00000, 0x00000007c0000000)
  eden space 507904K, 0% used [0x000000076b180000,0x000000076b180000,0x000000078a180000)
  from space 30720K, 0% used [0x000000078c780000,0x000000078c780000,0x000000078e580000)
  to   space 38912K, 0% used [0x000000078a180000,0x000000078a180000,0x000000078c780000)
 ParOldGen       total 238592K, used 61963K [0x00000006c1400000, 0x00000006cfd00000, 0x000000076b180000)
  object space 238592K, 25% used [0x00000006c1400000,0x00000006c5082db8,0x00000006cfd00000)
 Metaspace       used 58264K, capacity 58902K, committed 59028K, reserved 1101824K
  class space    used 7610K, capacity 7764K, committed 7808K, reserved 1048576K
}
Event: 940.605 GC heap before
{Heap before GC invocations=12 (full 3):
 PSYoungGen      total 538624K, used 507904K [0x000000076b180000, 0x000000078ef00000, 0x00000007c0000000)
  eden space 507904K, 100% used [0x000000076b180000,0x000000078a180000,0x000000078a180000)
  from space 30720K, 0% used [0x000000078c780000,0x000000078c780000,0x000000078e580000)
  to   space 38912K, 0% used [0x000000078a180000,0x000000078a180000,0x000000078c780000)
 ParOldGen       total 238592K, used 61963K [0x00000006c1400000, 0x00000006cfd00000, 0x000000076b180000)
  object space 238592K, 25% used [0x00000006c1400000,0x00000006c5082db8,0x00000006cfd00000)
 Metaspace       used 65605K, capacity 66472K, committed 66648K, reserved 1107968K
  class space    used 8597K, capacity 8790K, committed 8832K, reserved 1048576K
Event: 940.678 GC heap after
Heap after GC invocations=12 (full 3):
 PSYoungGen      total 546816K, used 27942K [0x000000076b180000, 0x0000000795a80000, 0x00000007c0000000)
  eden space 507904K, 0% used [0x000000076b180000,0x000000076b180000,0x000000078a180000)
  from space 38912K, 71% used [0x000000078a180000,0x000000078bcc9860,0x000000078c780000)
  to   space 40448K, 0% used [0x0000000793300000,0x0000000793300000,0x0000000795a80000)
 ParOldGen       total 238592K, used 61971K [0x00000006c1400000, 0x00000006cfd00000, 0x000000076b180000)
  object space 238592K, 25% used [0x00000006c1400000,0x00000006c5084db8,0x00000006cfd00000)
 Metaspace       used 65605K, capacity 66472K, committed 66648K, reserved 1107968K
  class space    used 8597K, capacity 8790K, committed 8832K, reserved 1048576K
}

