# JRE version: Java(TM) SE Runtime Environment (8.0_66-b18) (build 1.8.0_66-b18)
# Java VM: Java HotSpot(TM) 64-Bit Server VM (25.66-b18 mixed mode windows-amd64 compressed oops)
Heap:
 PSYoungGen      total 192000K, used 21906K [0x000000076b180000, 0x0000000778500000, 0x00000007c0000000)
  eden space 178688K, 4% used [0x000000076b180000,0x000000076ba1c370,0x0000000776000000)
  from space 13312K, 98% used [0x0000000777800000,0x00000007784c8670,0x0000000778500000)
  to   space 16384K, 0% used [0x0000000776500000,0x0000000776500000,0x0000000777500000)
 ParOldGen       total 181760K, used 23176K [0x00000006c1400000, 0x00000006cc580000, 0x000000076b180000)
  object space 181760K, 12% used [0x00000006c1400000,0x00000006c2aa22d8,0x00000006cc580000)
 Metaspace       used 48422K, capacity 49042K, committed 49368K, reserved 1091584K
  class space    used 6667K, capacity 6803K, committed 6872K, reserved 1048576K
GC Heap History (10 events):
Event: 2.889 GC heap before
{Heap before GC invocations=6 (full 1):
 PSYoungGen      total 103936K, used 103451K [0x000000076b180000, 0x0000000774500000, 0x00000007c0000000)
  eden space 94720K, 100% used [0x000000076b180000,0x0000000770e00000,0x0000000770e00000)
  from space 9216K, 94% used [0x0000000773c00000,0x0000000774486e30,0x0000000774500000)
  to   space 10752K, 0% used [0x0000000773000000,0x0000000773000000,0x0000000773a80000)
 ParOldGen       total 110592K, used 9727K [0x00000006c1400000, 0x00000006c8000000, 0x000000076b180000)
  object space 110592K, 8% used [0x00000006c1400000,0x00000006c1d7ff90,0x00000006c8000000)
 Metaspace       used 28730K, capacity 29202K, committed 29440K, reserved 1075200K
  class space    used 3702K, capacity 3838K, committed 3840K, reserved 1048576K
Event: 2.900 GC heap after
Heap after GC invocations=6 (full 1):
 PSYoungGen      total 140288K, used 10733K [0x000000076b180000, 0x0000000775000000, 0x00000007c0000000)
  eden space 129536K, 0% used [0x000000076b180000,0x000000076b180000,0x0000000773000000)
  from space 10752K, 99% used [0x0000000773000000,0x0000000773a7b740,0x0000000773a80000)
  to   space 13312K, 0% used [0x0000000774300000,0x0000000774300000,0x0000000775000000)
 ParOldGen       total 110592K, used 12207K [0x00000006c1400000, 0x00000006c8000000, 0x000000076b180000)
  object space 110592K, 11% used [0x00000006c1400000,0x00000006c1febcf0,0x00000006c8000000)
 Metaspace       used 28730K, capacity 29202K, committed 29440K, reserved 1075200K
  class space    used 3702K, capacity 3838K, committed 3840K, reserved 1048576K
}
Event: 3.550 GC heap before
{Heap before GC invocations=7 (full 1):
 PSYoungGen      total 140288K, used 84253K [0x000000076b180000, 0x0000000775000000, 0x00000007c0000000)
  eden space 129536K, 56% used [0x000000076b180000,0x000000076f94c080,0x0000000773000000)
  from space 10752K, 99% used [0x0000000773000000,0x0000000773a7b740,0x0000000773a80000)
  to   space 13312K, 0% used [0x0000000774300000,0x0000000774300000,0x0000000775000000)
 ParOldGen       total 110592K, used 12207K [0x00000006c1400000, 0x00000006c8000000, 0x000000076b180000)
  object space 110592K, 11% used [0x00000006c1400000,0x00000006c1febcf0,0x00000006c8000000)
 Metaspace       used 34828K, capacity 35268K, committed 35416K, reserved 1079296K
  class space    used 4510K, capacity 4641K, committed 4696K, reserved 1048576K
Event: 3.575 GC heap after
Heap after GC invocations=7 (full 1):
 PSYoungGen      total 145920K, used 13308K [0x000000076b180000, 0x0000000778d80000, 0x00000007c0000000)
  eden space 132608K, 0% used [0x000000076b180000,0x000000076b180000,0x0000000773300000)
  from space 13312K, 99% used [0x0000000774300000,0x0000000774fff210,0x0000000775000000)
  to   space 16384K, 0% used [0x0000000773300000,0x0000000773300000,0x0000000774300000)
 ParOldGen       total 110592K, used 15302K [0x00000006c1400000, 0x00000006c8000000, 0x000000076b180000)
  object space 110592K, 13% used [0x00000006c1400000,0x00000006c22f1bc0,0x00000006c8000000)
 Metaspace       used 34828K, capacity 35268K, committed 35416K, reserved 1079296K
  class space    used 4510K, capacity 4641K, committed 4696K, reserved 1048576K
}
Event: 3.575 GC heap before
{Heap before GC invocations=8 (full 2):
 PSYoungGen      total 145920K, used 13308K [0x000000076b180000, 0x0000000778d80000, 0x00000007c0000000)
  eden space 132608K, 0% used [0x000000076b180000,0x000000076b180000,0x0000000773300000)
  from space 13312K, 99% used [0x0000000774300000,0x0000000774fff210,0x0000000775000000)
  to   space 16384K, 0% used [0x0000000773300000,0x0000000773300000,0x0000000774300000)
 ParOldGen       total 110592K, used 15302K [0x00000006c1400000, 0x00000006c8000000, 0x000000076b180000)
  object space 110592K, 13% used [0x00000006c1400000,0x00000006c22f1bc0,0x00000006c8000000)
 Metaspace       used 34828K, capacity 35268K, committed 35416K, reserved 1079296K
  class space    used 4510K, capacity 4641K, committed 4696K, reserved 1048576K
Event: 3.633 GC heap after
Heap after GC invocations=8 (full 2):
 PSYoungGen      total 145920K, used 0K [0x000000076b180000, 0x0000000778d80000, 0x00000007c0000000)
  eden space 132608K, 0% used [0x000000076b180000,0x000000076b180000,0x0000000773300000)
  from space 13312K, 0% used [0x0000000774300000,0x0000000774300000,0x0000000775000000)
  to   space 16384K, 0% used [0x0000000773300000,0x0000000773300000,0x0000000774300000)
 ParOldGen       total 181760K, used 23168K [0x00000006c1400000, 0x00000006cc580000, 0x000000076b180000)
  object space 181760K, 12% used [0x00000006c1400000,0x00000006c2aa02d8,0x00000006cc580000)
 Metaspace       used 34828K, capacity 35268K, committed 35416K, reserved 1079296K
  class space    used 4510K, capacity 4641K, committed 4696K, reserved 1048576K
}
Event: 5.006 GC heap before
{Heap before GC invocations=9 (full 2):
 PSYoungGen      total 145920K, used 132608K [0x000000076b180000, 0x0000000778d80000, 0x00000007c0000000)
  eden space 132608K, 100% used [0x000000076b180000,0x0000000773300000,0x0000000773300000)
  from space 13312K, 0% used [0x0000000774300000,0x0000000774300000,0x0000000775000000)
  to   space 16384K, 0% used [0x0000000773300000,0x0000000773300000,0x0000000774300000)
 ParOldGen       total 181760K, used 23168K [0x00000006c1400000, 0x00000006cc580000, 0x000000076b180000)
  object space 181760K, 12% used [0x00000006c1400000,0x00000006c2aa02d8,0x00000006cc580000)
 Metaspace       used 43802K, capacity 44338K, committed 44632K, reserved 1087488K
  class space    used 6033K, capacity 6142K, committed 6232K, reserved 1048576K
Event: 5.016 GC heap after
Heap after GC invocations=9 (full 2):
 PSYoungGen      total 148992K, used 11697K [0x000000076b180000, 0x0000000778780000, 0x00000007c0000000)
  eden space 132608K, 0% used [0x000000076b180000,0x000000076b180000,0x0000000773300000)
  from space 16384K, 71% used [0x0000000773300000,0x0000000773e6c5c0,0x0000000774300000)
  to   space 15872K, 0% used [0x0000000777800000,0x0000000777800000,0x0000000778780000)
 ParOldGen       total 181760K, used 23176K [0x00000006c1400000, 0x00000006cc580000, 0x000000076b180000)
  object space 181760K, 12% used [0x00000006c1400000,0x00000006c2aa22d8,0x00000006cc580000)
 Metaspace       used 43802K, capacity 44338K, committed 44632K, reserved 1087488K
  class space    used 6033K, capacity 6142K, committed 6232K, reserved 1048576K
}
Event: 114.144 GC heap before
{Heap before GC invocations=10 (full 2):
 PSYoungGen      total 148992K, used 144305K [0x000000076b180000, 0x0000000778780000, 0x00000007c0000000)
  eden space 132608K, 100% used [0x000000076b180000,0x0000000773300000,0x0000000773300000)
  from space 16384K, 71% used [0x0000000773300000,0x0000000773e6c5c0,0x0000000774300000)
  to   space 15872K, 0% used [0x0000000777800000,0x0000000777800000,0x0000000778780000)
 ParOldGen       total 181760K, used 23176K [0x00000006c1400000, 0x00000006cc580000, 0x000000076b180000)
  object space 181760K, 12% used [0x00000006c1400000,0x00000006c2aa22d8,0x00000006cc580000)
 Metaspace       used 48334K, capacity 48940K, committed 49368K, reserved 1091584K
  class space    used 6656K, capacity 6770K, committed 6872K, reserved 1048576K
Event: 114.165 GC heap after
Heap after GC invocations=10 (full 2):
 PSYoungGen      total 192000K, used 13089K [0x000000076b180000, 0x0000000778500000, 0x00000007c0000000)
  eden space 178688K, 0% used [0x000000076b180000,0x000000076b180000,0x0000000776000000)
  from space 13312K, 98% used [0x0000000777800000,0x00000007784c8670,0x0000000778500000)
  to   space 16384K, 0% used [0x0000000776500000,0x0000000776500000,0x0000000777500000)
 ParOldGen       total 181760K, used 23176K [0x00000006c1400000, 0x00000006cc580000, 0x000000076b180000)
  object space 181760K, 12% used [0x00000006c1400000,0x00000006c2aa22d8,0x00000006cc580000)
 Metaspace       used 48334K, capacity 48940K, committed 49368K, reserved 1091584K
  class space    used 6656K, capacity 6770K, committed 6872K, reserved 1048576K
}

