# JRE version: Java(TM) SE Runtime Environment (8.0_66-b18) (build 1.8.0_66-b18)
# Java VM: Java HotSpot(TM) 64-Bit Server VM (25.66-b18 mixed mode windows-amd64 compressed oops)
Heap:
 PSYoungGen      total 487936K, used 73806K [0x000000076b180000, 0x000000078ca00000, 0x00000007c0000000)
  eden space 471552K, 12% used [0x000000076b180000,0x000000076eae2c78,0x0000000787e00000)
  from space 16384K, 91% used [0x000000078ba00000,0x000000078c8b0e38,0x000000078ca00000)
  to   space 38912K, 0% used [0x0000000787e00000,0x0000000787e00000,0x000000078a400000)
 ParOldGen       total 274432K, used 61494K [0x00000006c1400000, 0x00000006d2000000, 0x000000076b180000)
  object space 274432K, 22% used [0x00000006c1400000,0x00000006c500d808,0x00000006d2000000)
 Metaspace       used 65481K, capacity 66366K, committed 66648K, reserved 1107968K
  class space    used 8634K, capacity 8795K, committed 8832K, reserved 1048576K
GC Heap History (10 events):
Event: 7.906 GC heap before
{Heap before GC invocations=9 (full 2):
 PSYoungGen      total 283648K, used 283642K [0x000000076b180000, 0x0000000783d80000, 0x00000007c0000000)
  eden space 264192K, 100% used [0x000000076b180000,0x000000077b380000,0x000000077b380000)
  from space 19456K, 99% used [0x000000077ca80000,0x000000077dd7ea30,0x000000077dd80000)
  to   space 23552K, 0% used [0x000000077b380000,0x000000077b380000,0x000000077ca80000)
 ParOldGen       total 195072K, used 29435K [0x00000006c1400000, 0x00000006cd280000, 0x000000076b180000)
  object space 195072K, 15% used [0x00000006c1400000,0x00000006c30beda0,0x00000006cd280000)
 Metaspace       used 49943K, capacity 50496K, committed 50776K, reserved 1093632K
  class space    used 6592K, capacity 6715K, committed 6784K, reserved 1048576K
Event: 7.929 GC heap after
Heap after GC invocations=9 (full 2):
 PSYoungGen      total 287744K, used 22750K [0x000000076b180000, 0x0000000785080000, 0x00000007c0000000)
  eden space 264192K, 0% used [0x000000076b180000,0x000000076b180000,0x000000077b380000)
  from space 23552K, 96% used [0x000000077b380000,0x000000077c9b7818,0x000000077ca80000)
  to   space 26624K, 0% used [0x0000000783680000,0x0000000783680000,0x0000000785080000)
 ParOldGen       total 195072K, used 29443K [0x00000006c1400000, 0x00000006cd280000, 0x000000076b180000)
  object space 195072K, 15% used [0x00000006c1400000,0x00000006c30c0da0,0x00000006cd280000)
 Metaspace       used 49943K, capacity 50496K, committed 50776K, reserved 1093632K
  class space    used 6592K, capacity 6715K, committed 6784K, reserved 1048576K
}
Event: 10.060 GC heap before
{Heap before GC invocations=10 (full 2):
 PSYoungGen      total 287744K, used 286942K [0x000000076b180000, 0x0000000785080000, 0x00000007c0000000)
  eden space 264192K, 100% used [0x000000076b180000,0x000000077b380000,0x000000077b380000)
  from space 23552K, 96% used [0x000000077b380000,0x000000077c9b7818,0x000000077ca80000)
  to   space 26624K, 0% used [0x0000000783680000,0x0000000783680000,0x0000000785080000)
 ParOldGen       total 195072K, used 29443K [0x00000006c1400000, 0x00000006cd280000, 0x000000076b180000)
  object space 195072K, 15% used [0x00000006c1400000,0x00000006c30c0da0,0x00000006cd280000)
 Metaspace       used 56233K, capacity 56868K, committed 57176K, reserved 1099776K
  class space    used 7400K, capacity 7537K, committed 7552K, reserved 1048576K
Event: 10.094 GC heap after
Heap after GC invocations=10 (full 2):
 PSYoungGen      total 389632K, used 26619K [0x000000076b180000, 0x0000000785f80000, 0x00000007c0000000)
  eden space 363008K, 0% used [0x000000076b180000,0x000000076b180000,0x0000000781400000)
  from space 26624K, 99% used [0x0000000783680000,0x000000078507ed60,0x0000000785080000)
  to   space 35328K, 0% used [0x0000000781400000,0x0000000781400000,0x0000000783680000)
 ParOldGen       total 195072K, used 41141K [0x00000006c1400000, 0x00000006cd280000, 0x000000076b180000)
  object space 195072K, 21% used [0x00000006c1400000,0x00000006c3c2d530,0x00000006cd280000)
 Metaspace       used 56233K, capacity 56868K, committed 57176K, reserved 1099776K
  class space    used 7400K, capacity 7537K, committed 7552K, reserved 1048576K
}
Event: 10.577 GC heap before
{Heap before GC invocations=11 (full 2):
 PSYoungGen      total 389632K, used 217473K [0x000000076b180000, 0x0000000785f80000, 0x00000007c0000000)
  eden space 363008K, 52% used [0x000000076b180000,0x0000000776be17c8,0x0000000781400000)
  from space 26624K, 99% used [0x0000000783680000,0x000000078507ed60,0x0000000785080000)
  to   space 35328K, 0% used [0x0000000781400000,0x0000000781400000,0x0000000783680000)
 ParOldGen       total 195072K, used 41141K [0x00000006c1400000, 0x00000006cd280000, 0x000000076b180000)
  object space 195072K, 21% used [0x00000006c1400000,0x00000006c3c2d530,0x00000006cd280000)
 Metaspace       used 58099K, capacity 58768K, committed 58968K, reserved 1099776K
  class space    used 7594K, capacity 7763K, committed 7808K, reserved 1048576K
Event: 10.631 GC heap after
Heap after GC invocations=11 (full 2):
 PSYoungGen      total 398336K, used 34548K [0x000000076b180000, 0x000000078e180000, 0x00000007c0000000)
  eden space 363008K, 0% used [0x000000076b180000,0x000000076b180000,0x0000000781400000)
  from space 35328K, 97% used [0x0000000781400000,0x00000007835bd150,0x0000000783680000)
  to   space 40448K, 0% used [0x000000078ba00000,0x000000078ba00000,0x000000078e180000)
 ParOldGen       total 195072K, used 41157K [0x00000006c1400000, 0x00000006cd280000, 0x000000076b180000)
  object space 195072K, 21% used [0x00000006c1400000,0x00000006c3c31530,0x00000006cd280000)
 Metaspace       used 58099K, capacity 58768K, committed 58968K, reserved 1099776K
  class space    used 7594K, capacity 7763K, committed 7808K, reserved 1048576K
}
Event: 10.631 GC heap before
{Heap before GC invocations=12 (full 3):
 PSYoungGen      total 398336K, used 34548K [0x000000076b180000, 0x000000078e180000, 0x00000007c0000000)
  eden space 363008K, 0% used [0x000000076b180000,0x000000076b180000,0x0000000781400000)
  from space 35328K, 97% used [0x0000000781400000,0x00000007835bd150,0x0000000783680000)
  to   space 40448K, 0% used [0x000000078ba00000,0x000000078ba00000,0x000000078e180000)
 ParOldGen       total 195072K, used 41157K [0x00000006c1400000, 0x00000006cd280000, 0x000000076b180000)
  object space 195072K, 21% used [0x00000006c1400000,0x00000006c3c31530,0x00000006cd280000)
 Metaspace       used 58099K, capacity 58768K, committed 58968K, reserved 1099776K
  class space    used 7594K, capacity 7763K, committed 7808K, reserved 1048576K
Event: 10.867 GC heap after
Heap after GC invocations=12 (full 3):
 PSYoungGen      total 398336K, used 0K [0x000000076b180000, 0x000000078e180000, 0x00000007c0000000)
  eden space 363008K, 0% used [0x000000076b180000,0x000000076b180000,0x0000000781400000)
  from space 35328K, 0% used [0x0000000781400000,0x0000000781400000,0x0000000783680000)
  to   space 40448K, 0% used [0x000000078ba00000,0x000000078ba00000,0x000000078e180000)
 ParOldGen       total 274432K, used 61486K [0x00000006c1400000, 0x00000006d2000000, 0x000000076b180000)
  object space 274432K, 22% used [0x00000006c1400000,0x00000006c500b808,0x00000006d2000000)
 Metaspace       used 58099K, capacity 58768K, committed 58968K, reserved 1099776K
  class space    used 7594K, capacity 7763K, committed 7808K, reserved 1048576K
}
Event: 122.765 GC heap before
{Heap before GC invocations=13 (full 3):
 PSYoungGen      total 398336K, used 363008K [0x000000076b180000, 0x000000078e180000, 0x00000007c0000000)
  eden space 363008K, 100% used [0x000000076b180000,0x0000000781400000,0x0000000781400000)
  from space 35328K, 0% used [0x0000000781400000,0x0000000781400000,0x0000000783680000)
  to   space 40448K, 0% used [0x000000078ba00000,0x000000078ba00000,0x000000078e180000)
 ParOldGen       total 274432K, used 61486K [0x00000006c1400000, 0x00000006d2000000, 0x000000076b180000)
  object space 274432K, 22% used [0x00000006c1400000,0x00000006c500b808,0x00000006d2000000)
 Metaspace       used 65286K, capacity 66150K, committed 66392K, reserved 1107968K
  class space    used 8612K, capacity 8791K, committed 8832K, reserved 1048576K
Event: 122.793 GC heap after
Heap after GC invocations=13 (full 3):
 PSYoungGen      total 487936K, used 15043K [0x000000076b180000, 0x000000078ca00000, 0x00000007c0000000)
  eden space 471552K, 0% used [0x000000076b180000,0x000000076b180000,0x0000000787e00000)
  from space 16384K, 91% used [0x000000078ba00000,0x000000078c8b0e38,0x000000078ca00000)
  to   space 38912K, 0% used [0x0000000787e00000,0x0000000787e00000,0x000000078a400000)
 ParOldGen       total 274432K, used 61494K [0x00000006c1400000, 0x00000006d2000000, 0x000000076b180000)
  object space 274432K, 22% used [0x00000006c1400000,0x00000006c500d808,0x00000006d2000000)
 Metaspace       used 65286K, capacity 66150K, committed 66392K, reserved 1107968K
  class space    used 8612K, capacity 8791K, committed 8832K, reserved 1048576K
}

