# JRE version: Java(TM) SE Runtime Environment (8.0_66-b18) (build 1.8.0_66-b18)
# Java VM: Java HotSpot(TM) 64-Bit Server VM (25.66-b18 mixed mode windows-amd64 compressed oops)
Heap:
 PSYoungGen      total 487936K, used 41861K [0x000000076b180000, 0x000000078c780000, 0x00000007c0000000)
  eden space 472064K, 5% used [0x000000076b180000,0x000000076cb35578,0x0000000787e80000)
  from space 15872K, 97% used [0x000000078b800000,0x000000078c72c198,0x000000078c780000)
  to   space 36864K, 0% used [0x0000000787f80000,0x0000000787f80000,0x000000078a380000)
 ParOldGen       total 283136K, used 65953K [0x00000006c1400000, 0x00000006d2880000, 0x000000076b180000)
  object space 283136K, 23% used [0x00000006c1400000,0x00000006c5468548,0x00000006d2880000)
 Metaspace       used 65679K, capacity 66548K, committed 66776K, reserved 1107968K
  class space    used 8666K, capacity 8858K, committed 8960K, reserved 1048576K
GC Heap History (10 events):
Event: 7.870 GC heap before
{Heap before GC invocations=9 (full 2):
 PSYoungGen      total 294912K, used 294910K [0x000000076b180000, 0x0000000783980000, 0x00000007c0000000)
  eden space 275456K, 100% used [0x000000076b180000,0x000000077be80000,0x000000077be80000)
  from space 19456K, 99% used [0x000000077d580000,0x000000077e87fb70,0x000000077e880000)
  to   space 23552K, 0% used [0x000000077be80000,0x000000077be80000,0x000000077d580000)
 ParOldGen       total 192512K, used 29454K [0x00000006c1400000, 0x00000006cd000000, 0x000000076b180000)
  object space 192512K, 15% used [0x00000006c1400000,0x00000006c30c3a90,0x00000006cd000000)
 Metaspace       used 49893K, capacity 50496K, committed 50776K, reserved 1093632K
  class space    used 6592K, capacity 6715K, committed 6784K, reserved 1048576K
Event: 7.895 GC heap after
Heap after GC invocations=9 (full 2):
 PSYoungGen      total 299008K, used 23534K [0x000000076b180000, 0x0000000785d80000, 0x00000007c0000000)
  eden space 275456K, 0% used [0x000000076b180000,0x000000076b180000,0x000000077be80000)
  from space 23552K, 99% used [0x000000077be80000,0x000000077d57bab8,0x000000077d580000)
  to   space 27136K, 0% used [0x0000000784300000,0x0000000784300000,0x0000000785d80000)
 ParOldGen       total 192512K, used 29770K [0x00000006c1400000, 0x00000006cd000000, 0x000000076b180000)
  object space 192512K, 15% used [0x00000006c1400000,0x00000006c3112b78,0x00000006cd000000)
 Metaspace       used 49893K, capacity 50496K, committed 50776K, reserved 1093632K
  class space    used 6592K, capacity 6715K, committed 6784K, reserved 1048576K
}
Event: 10.572 GC heap before
{Heap before GC invocations=10 (full 2):
 PSYoungGen      total 299008K, used 298990K [0x000000076b180000, 0x0000000785d80000, 0x00000007c0000000)
  eden space 275456K, 100% used [0x000000076b180000,0x000000077be80000,0x000000077be80000)
  from space 23552K, 99% used [0x000000077be80000,0x000000077d57bab8,0x000000077d580000)
  to   space 27136K, 0% used [0x0000000784300000,0x0000000784300000,0x0000000785d80000)
 ParOldGen       total 192512K, used 29770K [0x00000006c1400000, 0x00000006cd000000, 0x000000076b180000)
  object space 192512K, 15% used [0x00000006c1400000,0x00000006c3112b78,0x00000006cd000000)
 Metaspace       used 56269K, capacity 56868K, committed 57176K, reserved 1099776K
  class space    used 7408K, capacity 7537K, committed 7552K, reserved 1048576K
Event: 10.604 GC heap after
Heap after GC invocations=10 (full 2):
 PSYoungGen      total 401408K, used 27115K [0x000000076b180000, 0x0000000786a80000, 0x00000007c0000000)
  eden space 374272K, 0% used [0x000000076b180000,0x000000076b180000,0x0000000781f00000)
  from space 27136K, 99% used [0x0000000784300000,0x0000000785d7ad50,0x0000000785d80000)
  to   space 36864K, 0% used [0x0000000781f00000,0x0000000781f00000,0x0000000784300000)
 ParOldGen       total 192512K, used 42620K [0x00000006c1400000, 0x00000006cd000000, 0x000000076b180000)
  object space 192512K, 22% used [0x00000006c1400000,0x00000006c3d9f060,0x00000006cd000000)
 Metaspace       used 56269K, capacity 56868K, committed 57176K, reserved 1099776K
  class space    used 7408K, capacity 7537K, committed 7552K, reserved 1048576K
}
Event: 10.993 GC heap before
{Heap before GC invocations=11 (full 2):
 PSYoungGen      total 401408K, used 188912K [0x000000076b180000, 0x0000000786a80000, 0x00000007c0000000)
  eden space 374272K, 43% used [0x000000076b180000,0x0000000774f815e8,0x0000000781f00000)
  from space 27136K, 99% used [0x0000000784300000,0x0000000785d7ad50,0x0000000785d80000)
  to   space 36864K, 0% used [0x0000000781f00000,0x0000000781f00000,0x0000000784300000)
 ParOldGen       total 192512K, used 42620K [0x00000006c1400000, 0x00000006cd000000, 0x000000076b180000)
  object space 192512K, 22% used [0x00000006c1400000,0x00000006c3d9f060,0x00000006cd000000)
 Metaspace       used 58115K, capacity 58768K, committed 58968K, reserved 1099776K
  class space    used 7602K, capacity 7763K, committed 7808K, reserved 1048576K
Event: 11.025 GC heap after
Heap after GC invocations=11 (full 2):
 PSYoungGen      total 411136K, used 26545K [0x000000076b180000, 0x000000078dd00000, 0x00000007c0000000)
  eden space 374272K, 0% used [0x000000076b180000,0x000000076b180000,0x0000000781f00000)
  from space 36864K, 72% used [0x0000000781f00000,0x00000007838ec6f8,0x0000000784300000)
  to   space 37888K, 0% used [0x000000078b800000,0x000000078b800000,0x000000078dd00000)
 ParOldGen       total 192512K, used 49888K [0x00000006c1400000, 0x00000006cd000000, 0x000000076b180000)
  object space 192512K, 25% used [0x00000006c1400000,0x00000006c44b8360,0x00000006cd000000)
 Metaspace       used 58115K, capacity 58768K, committed 58968K, reserved 1099776K
  class space    used 7602K, capacity 7763K, committed 7808K, reserved 1048576K
}
Event: 11.025 GC heap before
{Heap before GC invocations=12 (full 3):
 PSYoungGen      total 411136K, used 26545K [0x000000076b180000, 0x000000078dd00000, 0x00000007c0000000)
  eden space 374272K, 0% used [0x000000076b180000,0x000000076b180000,0x0000000781f00000)
  from space 36864K, 72% used [0x0000000781f00000,0x00000007838ec6f8,0x0000000784300000)
  to   space 37888K, 0% used [0x000000078b800000,0x000000078b800000,0x000000078dd00000)
 ParOldGen       total 192512K, used 49888K [0x00000006c1400000, 0x00000006cd000000, 0x000000076b180000)
  object space 192512K, 25% used [0x00000006c1400000,0x00000006c44b8360,0x00000006cd000000)
 Metaspace       used 58115K, capacity 58768K, committed 58968K, reserved 1099776K
  class space    used 7602K, capacity 7763K, committed 7808K, reserved 1048576K
Event: 11.282 GC heap after
Heap after GC invocations=12 (full 3):
 PSYoungGen      total 411136K, used 0K [0x000000076b180000, 0x000000078dd00000, 0x00000007c0000000)
  eden space 374272K, 0% used [0x000000076b180000,0x000000076b180000,0x0000000781f00000)
  from space 36864K, 0% used [0x0000000781f00000,0x0000000781f00000,0x0000000784300000)
  to   space 37888K, 0% used [0x000000078b800000,0x000000078b800000,0x000000078dd00000)
 ParOldGen       total 283136K, used 65945K [0x00000006c1400000, 0x00000006d2880000, 0x000000076b180000)
  object space 283136K, 23% used [0x00000006c1400000,0x00000006c5466548,0x00000006d2880000)
 Metaspace       used 58115K, capacity 58768K, committed 58968K, reserved 1099776K
  class space    used 7602K, capacity 7763K, committed 7808K, reserved 1048576K
}
Event: 130.937 GC heap before
{Heap before GC invocations=13 (full 3):
 PSYoungGen      total 411136K, used 374272K [0x000000076b180000, 0x000000078dd00000, 0x00000007c0000000)
  eden space 374272K, 100% used [0x000000076b180000,0x0000000781f00000,0x0000000781f00000)
  from space 36864K, 0% used [0x0000000781f00000,0x0000000781f00000,0x0000000784300000)
  to   space 37888K, 0% used [0x000000078b800000,0x000000078b800000,0x000000078dd00000)
 ParOldGen       total 283136K, used 65945K [0x00000006c1400000, 0x00000006d2880000, 0x000000076b180000)
  object space 283136K, 23% used [0x00000006c1400000,0x00000006c5466548,0x00000006d2880000)
 Metaspace       used 65644K, capacity 66484K, committed 66776K, reserved 1107968K
  class space    used 8663K, capacity 8858K, committed 8960K, reserved 1048576K
Event: 130.968 GC heap after
Heap after GC invocations=13 (full 3):
 PSYoungGen      total 487936K, used 15536K [0x000000076b180000, 0x000000078c780000, 0x00000007c0000000)
  eden space 472064K, 0% used [0x000000076b180000,0x000000076b180000,0x0000000787e80000)
  from space 15872K, 97% used [0x000000078b800000,0x000000078c72c198,0x000000078c780000)
  to   space 36864K, 0% used [0x0000000787f80000,0x0000000787f80000,0x000000078a380000)
 ParOldGen       total 283136K, used 65953K [0x00000006c1400000, 0x00000006d2880000, 0x000000076b180000)
  object space 283136K, 23% used [0x00000006c1400000,0x00000006c5468548,0x00000006d2880000)
 Metaspace       used 65644K, capacity 66484K, committed 66776K, reserved 1107968K
  class space    used 8663K, capacity 8858K, committed 8960K, reserved 1048576K
}

